<?xml version="1.0" encoding="utf-8"?><testsuites name="pytest tests"><testsuite name="pytest" errors="0" failures="0" skipped="0" tests="18" time="1.850" timestamp="2026-06-22T14:44:48.227691+00:00" hostname="agent-env-77aa514c-29e0-4467-9019-e7706d364352"><testcase classname="backend.tests.test_loungematch" name="test_health" time="0.195" /><testcase classname="backend.tests.test_loungematch" name="test_host_login" time="0.292" /><testcase classname="backend.tests.test_loungematch" name="test_host_login_invalid" time="0.273" /><testcase classname="backend.tests.test_loungematch" name="test_create_room" time="0.049" /><testcase classname="backend.tests.test_loungematch" name="test_get_room_by_code" time="0.051" /><testcase classname="backend.tests.test_loungematch" name="test_list_host_rooms" time="0.052" /><testcase classname="backend.tests.test_loungematch" name="test_join_two_participants" time="0.105" /><testcase classname="backend.tests.test_loungematch" name="test_join_invalid_code" time="0.044" /><testcase classname="backend.tests.test_loungematch" name="test_deck_excludes_self" time="0.047" /><testcase classname="backend.tests.test_loungematch" name="test_swipe_mutual_match" time="0.093" /><testcase classname="backend.tests.test_loungematch" name="test_deck_excludes_swiped" time="0.044" /><testcase classname="backend.tests.test_loungematch" name="test_list_matches" time="0.044" /><testcase classname="backend.tests.test_loungematch" name="test_send_and_list_messages" time="0.108" /><testcase classname="backend.tests.test_loungematch" name="test_message_unauthorized" time="0.045" /><testcase classname="backend.tests.test_loungematch" name="test_create_and_list_reports" time="0.095" /><testcase classname="backend.tests.test_loungematch" name="test_resolve_report" time="0.095" /><testcase classname="backend.tests.test_loungematch" name="test_stats" time="0.048" /><testcase classname="backend.tests.test_loungematch" name="test_close_room" time="0.088" /></testsuite></testsuites>